2026-01-13T00:32:40.558+05:30  WARN 23204 --- [TruckAiReimburse] [HikariPool-1:housekeeper] com.zaxxer.hikari.pool.HikariPool        : HikariPool-1 - Thread starvation or clock leap detected (housekeeper delta=46m38s760ms436µs800ns).
2026-01-13T00:33:43.694+05:30  WARN 23204 --- [TruckAiReimburse] [HikariPool-1:housekeeper] com.zaxxer.hikari.pool.HikariPool        : HikariPool-1 - Thread starvation or clock leap detected (housekeeper delta=1m3s166ms208µs400ns).
2026-01-13T00:34:47.728+05:30 DEBUG 23204 --- [TruckAiReimburse] [http-nio-8081-exec-5] o.s.security.web.FilterChainProxy        : Securing POST /api/chat/chatting
2026-01-13T00:34:47.773+05:30 DEBUG 23204 --- [TruckAiReimburse] [http-nio-8081-exec-5] o.s.security.web.FilterChainProxy        : Secured POST /api/chat/chatting
2026-01-13T00:34:47.977+05:30  INFO 23204 --- [TruckAiReimburse] [http-nio-8081-exec-5] c.a.t.service.ChatbotService             : New session created: cd5ef70a-c143-4fe5-92c3-a864df7c309f
2026-01-13T00:34:47.980+05:30  INFO 23204 --- [TruckAiReimburse] [http-nio-8081-exec-5] c.a.t.service.ChatbotService             : Chatbot message received: Amount is pending and need to pay 
2026-01-13T00:34:48.052+05:30 DEBUG 23204 --- [TruckAiReimburse] [http-nio-8081-exec-5] o.s.s.w.a.AnonymousAuthenticationFilter  : Set SecurityContextHolder to anonymous SecurityContext
2026-01-13T00:47:41.213+05:30  WARN 23204 --- [TruckAiReimburse] [HikariPool-1:housekeeper] com.zaxxer.hikari.pool.HikariPool        : HikariPool-1 - Thread starvation or clock leap detected (housekeeper delta=2m27s370ms109µs200ns).
2026-01-13T01:18:11.112+05:30 DEBUG 23204 --- [TruckAiReimburse] [http-nio-8081-exec-8] o.s.security.web.FilterChainProxy        : Securing POST /api/chat/upload-bill
2026-01-13T01:18:11.133+05:30 DEBUG 23204 --- [TruckAiReimburse] [http-nio-8081-exec-8] o.s.security.web.FilterChainProxy        : Secured POST /api/chat/upload-bill
2026-01-13T01:18:11.509+05:30 DEBUG 23204 --- [TruckAiReimburse] [http-nio-8081-exec-8] o.s.s.w.a.AnonymousAuthenticationFilter  : Set SecurityContextHolder to anonymous SecurityContext
2026-01-13T01:20:46.783+05:30  INFO 23204 --- [TruckAiReimburse] [SpringApplicationShutdownHook] o.s.b.w.e.tomcat.GracefulShutdown        : Commencing graceful shutdown. Waiting for active requests to complete
2026-01-13T01:20:46.818+05:30  INFO 23204 --- [TruckAiReimburse] [tomcat-shutdown] o.s.b.w.e.tomcat.GracefulShutdown        : Graceful shutdown complete
2026-01-13T01:20:46.854+05:30  INFO 23204 --- [TruckAiReimburse] [SpringApplicationShutdownHook] j.LocalContainerEntityManagerFactoryBean : Closing JPA EntityManagerFactory for persistence unit 'default'
2026-01-13T01:20:46.903+05:30  INFO 23204 --- [TruckAiReimburse] [SpringApplicationShutdownHook] com.zaxxer.hikari.HikariDataSource       : HikariPool-1 - Shutdown initiated...
2026-01-13T01:20:46.926+05:30  INFO 23204 --- [TruckAiReimburse] [SpringApplicationShutdownHook] com.zaxxer.hikari.HikariDataSource       : HikariPool-1 - Shutdown completed.
2026-01-13T01:20:55.405+05:30  INFO 31292 --- [TruckAiReimburse] [main] c.a.t.TruckAiReimburseApplication        : Starting TruckAiReimburseApplication using Java 24.0.2 with PID 31292 (C:\Users\aritr\Downloads\truck-ai-reimburse\truck-ai-reimburse\target\classes started by aritr in C:\Users\aritr\Downloads\truck-ai-reimburse)
2026-01-13T01:20:55.409+05:30  INFO 31292 --- [TruckAiReimburse] [main] c.a.t.TruckAiReimburseApplication        : No active profile set, falling back to 1 default profile: "default"
2026-01-13T01:20:56.361+05:30  INFO 31292 --- [TruckAiReimburse] [main] .s.d.r.c.RepositoryConfigurationDelegate : Bootstrapping Spring Data JPA repositories in DEFAULT mode.
2026-01-13T01:20:56.482+05:30  INFO 31292 --- [TruckAiReimburse] [main] .s.d.r.c.RepositoryConfigurationDelegate : Finished Spring Data repository scanning in 101 ms. Found 9 JPA repository interfaces.
2026-01-13T01:20:57.416+05:30  INFO 31292 --- [TruckAiReimburse] [main] o.s.b.w.embedded.tomcat.TomcatWebServer  : Tomcat initialized with port 8081 (http)
2026-01-13T01:20:57.442+05:30  INFO 31292 --- [TruckAiReimburse] [main] o.apache.catalina.core.StandardService   : Starting service [Tomcat]
2026-01-13T01:20:57.443+05:30  INFO 31292 --- [TruckAiReimburse] [main] o.apache.catalina.core.StandardEngine    : Starting Servlet engine: [Apache Tomcat/10.1.50]
2026-01-13T01:20:57.533+05:30  INFO 31292 --- [TruckAiReimburse] [main] o.a.c.c.C.[Tomcat].[localhost].[/]       : Initializing Spring embedded WebApplicationContext
2026-01-13T01:20:57.533+05:30  INFO 31292 --- [TruckAiReimburse] [main] w.s.c.ServletWebServerApplicationContext : Root WebApplicationContext: initialization completed in 2051 ms
2026-01-13T01:20:57.773+05:30  INFO 31292 --- [TruckAiReimburse] [main] o.hibernate.jpa.internal.util.LogHelper  : HHH000204: Processing PersistenceUnitInfo [name: default]
2026-01-13T01:20:57.847+05:30  INFO 31292 --- [TruckAiReimburse] [main] org.hibernate.Version                    : HHH000412: Hibernate ORM core version 6.6.39.Final
2026-01-13T01:20:57.902+05:30  INFO 31292 --- [TruckAiReimburse] [main] o.h.c.internal.RegionFactoryInitiator    : HHH000026: Second-level cache disabled
2026-01-13T01:20:58.286+05:30  INFO 31292 --- [TruckAiReimburse] [main] o.s.o.j.p.SpringPersistenceUnitInfo      : No LoadTimeWeaver setup: ignoring JPA class transformer
2026-01-13T01:20:58.324+05:30  INFO 31292 --- [TruckAiReimburse] [main] com.zaxxer.hikari.HikariDataSource       : HikariPool-1 - Starting...
2026-01-13T01:20:58.780+05:30  INFO 31292 --- [TruckAiReimburse] [main] com.zaxxer.hikari.pool.HikariPool        : HikariPool-1 - Added connection com.mysql.cj.jdbc.ConnectionImpl@377e573a
2026-01-13T01:20:58.781+05:30  INFO 31292 --- [TruckAiReimburse] [main] com.zaxxer.hikari.HikariDataSource       : HikariPool-1 - Start completed.
2026-01-13T01:20:58.913+05:30  INFO 31292 --- [TruckAiReimburse] [main] org.hibernate.orm.connections.pooling    : HHH10001005: Database info:
	Database JDBC URL [Connecting through datasource 'HikariDataSource (HikariPool-1)']
	Database driver: undefined/unknown
	Database version: 8.0.40
	Autocommit mode: undefined/unknown
	Isolation level: undefined/unknown
	Minimum pool size: undefined/unknown
	Maximum pool size: undefined/unknown
2026-01-13T01:20:59.921+05:30  INFO 31292 --- [TruckAiReimburse] [main] o.h.e.t.j.p.i.JtaPlatformInitiator       : HHH000489: No JTA platform available (set 'hibernate.transaction.jta.platform' to enable JTA platform integration)
2026-01-13T01:21:00.006+05:30  INFO 31292 --- [TruckAiReimburse] [main] j.LocalContainerEntityManagerFactoryBean : Initialized JPA EntityManagerFactory for persistence unit 'default'
2026-01-13T01:21:00.491+05:30  WARN 31292 --- [TruckAiReimburse] [main] JpaBaseConfiguration$JpaWebConfiguration : spring.jpa.open-in-view is enabled by default. Therefore, database queries may be performed during view rendering. Explicitly configure spring.jpa.open-in-view to disable this warning
2026-01-13T01:21:00.531+05:30  WARN 31292 --- [TruckAiReimburse] [main] .s.s.UserDetailsServiceAutoConfiguration : 

Using generated security password: 5040bb0a-ecab-4140-9871-257722d8a3f6

This generated password is for development use only. Your security configuration must be updated before running your application in production.

2026-01-13T01:21:00.546+05:30  INFO 31292 --- [TruckAiReimburse] [main] r$InitializeUserDetailsManagerConfigurer : Global AuthenticationManager configured with UserDetailsService bean with name inMemoryUserDetailsManager
2026-01-13T01:21:00.683+05:30 DEBUG 31292 --- [TruckAiReimburse] [main] o.s.s.web.DefaultSecurityFilterChain     : Will secure any request with filters: DisableEncodeUrlFilter, WebAsyncManagerIntegrationFilter, SecurityContextHolderFilter, HeaderWriterFilter, LogoutFilter, RequestCacheAwareFilter, SecurityContextHolderAwareRequestFilter, AnonymousAuthenticationFilter, ExceptionTranslationFilter, AuthorizationFilter
2026-01-13T01:21:01.331+05:30  INFO 31292 --- [TruckAiReimburse] [main] o.s.b.w.embedded.tomcat.TomcatWebServer  : Tomcat started on port 8081 (http) with context path '/'
2026-01-13T01:21:01.340+05:30  INFO 31292 --- [TruckAiReimburse] [main] c.a.t.TruckAiReimburseApplication        : Started TruckAiReimburseApplication in 6.622 seconds (process running for 7.248)
2026-01-13T01:21:20.562+05:30  INFO 31292 --- [TruckAiReimburse] [http-nio-8081-exec-3] o.a.c.c.C.[Tomcat].[localhost].[/]       : Initializing Spring DispatcherServlet 'dispatcherServlet'
2026-01-13T01:21:20.563+05:30  INFO 31292 --- [TruckAiReimburse] [http-nio-8081-exec-3] o.s.web.servlet.DispatcherServlet        : Initializing Servlet 'dispatcherServlet'
2026-01-13T01:21:20.564+05:30  INFO 31292 --- [TruckAiReimburse] [http-nio-8081-exec-3] o.s.web.servlet.DispatcherServlet        : Completed initialization in 1 ms
2026-01-13T01:21:20.585+05:30 DEBUG 31292 --- [TruckAiReimburse] [http-nio-8081-exec-3] o.s.security.web.FilterChainProxy        : Securing POST /api/chat/uploadbill
2026-01-13T01:21:20.598+05:30 DEBUG 31292 --- [TruckAiReimburse] [http-nio-8081-exec-3] o.s.security.web.FilterChainProxy        : Secured POST /api/chat/uploadbill
2026-01-13T01:21:21.174+05:30  INFO 31292 --- [TruckAiReimburse] [http-nio-8081-exec-3] c.a.t.service.OCRService                 : OCR extracted text: 
2026-01-13T01:21:21.227+05:30 DEBUG 31292 --- [TruckAiReimburse] [http-nio-8081-exec-3] o.s.s.w.a.AnonymousAuthenticationFilter  : Set SecurityContextHolder to anonymous SecurityContext
2026-01-13T01:34:34.523+05:30  INFO 31292 --- [TruckAiReimburse] [SpringApplicationShutdownHook] o.s.b.w.e.tomcat.GracefulShutdown        : Commencing graceful shutdown. Waiting for active requests to complete
2026-01-13T01:34:34.567+05:30  INFO 31292 --- [TruckAiReimburse] [tomcat-shutdown] o.s.b.w.e.tomcat.GracefulShutdown        : Graceful shutdown complete
2026-01-13T01:34:34.603+05:30  INFO 31292 --- [TruckAiReimburse] [SpringApplicationShutdownHook] j.LocalContainerEntityManagerFactoryBean : Closing JPA EntityManagerFactory for persistence unit 'default'
2026-01-13T01:34:34.638+05:30  INFO 31292 --- [TruckAiReimburse] [SpringApplicationShutdownHook] com.zaxxer.hikari.HikariDataSource       : HikariPool-1 - Shutdown initiated...
2026-01-13T01:34:34.667+05:30  INFO 31292 --- [TruckAiReimburse] [SpringApplicationShutdownHook] com.zaxxer.hikari.HikariDataSource       : HikariPool-1 - Shutdown completed.
2026-01-13T01:34:39.632+05:30  INFO 16524 --- [TruckAiReimburse] [main] c.a.t.TruckAiReimburseApplication        : Starting TruckAiReimburseApplication using Java 24.0.2 with PID 16524 (C:\Users\aritr\Downloads\truck-ai-reimburse\truck-ai-reimburse\target\classes started by aritr in C:\Users\aritr\Downloads\truck-ai-reimburse)
2026-01-13T01:34:39.636+05:30  INFO 16524 --- [TruckAiReimburse] [main] c.a.t.TruckAiReimburseApplication        : No active profile set, falling back to 1 default profile: "default"
2026-01-13T01:34:40.816+05:30  INFO 16524 --- [TruckAiReimburse] [main] .s.d.r.c.RepositoryConfigurationDelegate : Bootstrapping Spring Data JPA repositories in DEFAULT mode.
2026-01-13T01:34:40.921+05:30  INFO 16524 --- [TruckAiReimburse] [main] .s.d.r.c.RepositoryConfigurationDelegate : Finished Spring Data repository scanning in 93 ms. Found 9 JPA repository interfaces.
2026-01-13T01:34:41.753+05:30  INFO 16524 --- [TruckAiReimburse] [main] o.s.b.w.embedded.tomcat.TomcatWebServer  : Tomcat initialized with port 8081 (http)
2026-01-13T01:34:41.768+05:30  INFO 16524 --- [TruckAiReimburse] [main] o.apache.catalina.core.StandardService   : Starting service [Tomcat]
2026-01-13T01:34:41.768+05:30  INFO 16524 --- [TruckAiReimburse] [main] o.apache.catalina.core.StandardEngine    : Starting Servlet engine: [Apache Tomcat/10.1.50]
2026-01-13T01:34:41.823+05:30  INFO 16524 --- [TruckAiReimburse] [main] o.a.c.c.C.[Tomcat].[localhost].[/]       : Initializing Spring embedded WebApplicationContext
2026-01-13T01:34:41.823+05:30  INFO 16524 --- [TruckAiReimburse] [main] w.s.c.ServletWebServerApplicationContext : Root WebApplicationContext: initialization completed in 2105 ms
2026-01-13T01:34:42.074+05:30  INFO 16524 --- [TruckAiReimburse] [main] o.hibernate.jpa.internal.util.LogHelper  : HHH000204: Processing PersistenceUnitInfo [name: default]
2026-01-13T01:34:42.167+05:30  INFO 16524 --- [TruckAiReimburse] [main] org.hibernate.Version                    : HHH000412: Hibernate ORM core version 6.6.39.Final
2026-01-13T01:34:42.210+05:30  INFO 16524 --- [TruckAiReimburse] [main] o.h.c.internal.RegionFactoryInitiator    : HHH000026: Second-level cache disabled
2026-01-13T01:34:42.598+05:30  INFO 16524 --- [TruckAiReimburse] [main] o.s.o.j.p.SpringPersistenceUnitInfo      : No LoadTimeWeaver setup: ignoring JPA class transformer
2026-01-13T01:34:42.634+05:30  INFO 16524 --- [TruckAiReimburse] [main] com.zaxxer.hikari.HikariDataSource       : HikariPool-1 - Starting...
2026-01-13T01:34:43.124+05:30  INFO 16524 --- [TruckAiReimburse] [main] com.zaxxer.hikari.pool.HikariPool        : HikariPool-1 - Added connection com.mysql.cj.jdbc.ConnectionImpl@377e573a
2026-01-13T01:34:43.125+05:30  INFO 16524 --- [TruckAiReimburse] [main] com.zaxxer.hikari.HikariDataSource       : HikariPool-1 - Start completed.
2026-01-13T01:34:43.235+05:30  INFO 16524 --- [TruckAiReimburse] [main] org.hibernate.orm.connections.pooling    : HHH10001005: Database info:
	Database JDBC URL [Connecting through datasource 'HikariDataSource (HikariPool-1)']
	Database driver: undefined/unknown
	Database version: 8.0.40
	Autocommit mode: undefined/unknown
	Isolation level: undefined/unknown
	Minimum pool size: undefined/unknown
	Maximum pool size: undefined/unknown
2026-01-13T01:34:44.191+05:30  INFO 16524 --- [TruckAiReimburse] [main] o.h.e.t.j.p.i.JtaPlatformInitiator       : HHH000489: No JTA platform available (set 'hibernate.transaction.jta.platform' to enable JTA platform integration)
2026-01-13T01:34:44.273+05:30  INFO 16524 --- [TruckAiReimburse] [main] j.LocalContainerEntityManagerFactoryBean : Initialized JPA EntityManagerFactory for persistence unit 'default'
2026-01-13T01:34:44.768+05:30  WARN 16524 --- [TruckAiReimburse] [main] JpaBaseConfiguration$JpaWebConfiguration : spring.jpa.open-in-view is enabled by default. Therefore, database queries may be performed during view rendering. Explicitly configure spring.jpa.open-in-view to disable this warning
2026-01-13T01:34:44.800+05:30  WARN 16524 --- [TruckAiReimburse] [main] .s.s.UserDetailsServiceAutoConfiguration : 

Using generated security password: c625312b-3d68-4c38-bfb2-65c4c9440d45

This generated password is for development use only. Your security configuration must be updated before running your application in production.

2026-01-13T01:34:44.808+05:30  INFO 16524 --- [TruckAiReimburse] [main] r$InitializeUserDetailsManagerConfigurer : Global AuthenticationManager configured with UserDetailsService bean with name inMemoryUserDetailsManager
2026-01-13T01:34:44.919+05:30 DEBUG 16524 --- [TruckAiReimburse] [main] o.s.s.web.DefaultSecurityFilterChain     : Will secure any request with filters: DisableEncodeUrlFilter, WebAsyncManagerIntegrationFilter, SecurityContextHolderFilter, HeaderWriterFilter, LogoutFilter, RequestCacheAwareFilter, SecurityContextHolderAwareRequestFilter, AnonymousAuthenticationFilter, ExceptionTranslationFilter, AuthorizationFilter
2026-01-13T01:34:45.499+05:30  INFO 16524 --- [TruckAiReimburse] [main] o.s.b.w.embedded.tomcat.TomcatWebServer  : Tomcat started on port 8081 (http) with context path '/'
2026-01-13T01:34:45.507+05:30  INFO 16524 --- [TruckAiReimburse] [main] c.a.t.TruckAiReimburseApplication        : Started TruckAiReimburseApplication in 6.545 seconds (process running for 7.103)
2026-01-13T01:34:53.432+05:30  INFO 16524 --- [TruckAiReimburse] [http-nio-8081-exec-4] o.a.c.c.C.[Tomcat].[localhost].[/]       : Initializing Spring DispatcherServlet 'dispatcherServlet'
2026-01-13T01:34:53.432+05:30  INFO 16524 --- [TruckAiReimburse] [http-nio-8081-exec-4] o.s.web.servlet.DispatcherServlet        : Initializing Servlet 'dispatcherServlet'
2026-01-13T01:34:53.433+05:30  INFO 16524 --- [TruckAiReimburse] [http-nio-8081-exec-4] o.s.web.servlet.DispatcherServlet        : Completed initialization in 1 ms
2026-01-13T01:34:53.453+05:30 DEBUG 16524 --- [TruckAiReimburse] [http-nio-8081-exec-4] o.s.security.web.FilterChainProxy        : Securing POST /api/chat/uploadbill
2026-01-13T01:34:53.459+05:30 DEBUG 16524 --- [TruckAiReimburse] [http-nio-8081-exec-4] o.s.security.web.FilterChainProxy        : Secured POST /api/chat/uploadbill
2026-01-13T01:34:53.698+05:30  INFO 16524 --- [TruckAiReimburse] [http-nio-8081-exec-4] c.a.t.service.OCRService                 : OCR extracted text: 
2026-01-13T01:34:53.699+05:30  INFO 16524 --- [TruckAiReimburse] [http-nio-8081-exec-4] c.a.t.service.ChatbotService             : ========== OCR TEXT START ==========
2026-01-13T01:34:53.699+05:30  INFO 16524 --- [TruckAiReimburse] [http-nio-8081-exec-4] c.a.t.service.ChatbotService             : 
2026-01-13T01:34:53.699+05:30  INFO 16524 --- [TruckAiReimburse] [http-nio-8081-exec-4] c.a.t.service.ChatbotService             : ========== OCR TEXT END ==========
2026-01-13T01:34:53.788+05:30 DEBUG 16524 --- [TruckAiReimburse] [http-nio-8081-exec-4] o.s.s.w.a.AnonymousAuthenticationFilter  : Set SecurityContextHolder to anonymous SecurityContext
2026-01-13T01:40:54.321+05:30  INFO 16524 --- [TruckAiReimburse] [SpringApplicationShutdownHook] o.s.b.w.e.tomcat.GracefulShutdown        : Commencing graceful shutdown. Waiting for active requests to complete
2026-01-13T01:40:54.406+05:30  INFO 16524 --- [TruckAiReimburse] [tomcat-shutdown] o.s.b.w.e.tomcat.GracefulShutdown        : Graceful shutdown complete
2026-01-13T01:40:54.467+05:30  INFO 16524 --- [TruckAiReimburse] [SpringApplicationShutdownHook] j.LocalContainerEntityManagerFactoryBean : Closing JPA EntityManagerFactory for persistence unit 'default'
2026-01-13T01:40:54.548+05:30  INFO 16524 --- [TruckAiReimburse] [SpringApplicationShutdownHook] com.zaxxer.hikari.HikariDataSource       : HikariPool-1 - Shutdown initiated...
2026-01-13T01:40:54.624+05:30  INFO 16524 --- [TruckAiReimburse] [SpringApplicationShutdownHook] com.zaxxer.hikari.HikariDataSource       : HikariPool-1 - Shutdown completed.
